* using log directory ‘/home/michi/linkmapsWorkspace/LinkageMaps.Rcheck’
* using R version 2.14.1 (2011-12-22)
* using platform: i686-pc-linux-gnu (32-bit)
* using session charset: UTF-8
* checking for file ‘LinkageMaps/DESCRIPTION’ ... OK
* checking extension type ... Package
* this is package ‘LinkageMaps’ version ‘0.1’
* checking package namespace information ... OK
* checking package dependencies ... OK
* checking if this is a source package ... OK
* checking if there is a namespace ... OK
* checking for executable files ... OK
* checking whether package ‘LinkageMaps’ can be installed ... OK
* checking installed package size ... OK
* checking package directory ... OK
* checking for portable file names ... OK
* checking for sufficient/correct file permissions ... OK
* checking DESCRIPTION meta-information ... OK
* checking top-level files ... OK
* checking index information ... OK
* checking package subdirectories ... OK
* checking R files for non-ASCII characters ... OK
* checking R files for syntax errors ... OK
* checking whether the package can be loaded ... OK
* checking whether the package can be loaded with stated dependencies ... OK
* checking whether the package can be unloaded cleanly ... OK
* checking whether the namespace can be loaded with stated dependencies ... OK
* checking whether the namespace can be unloaded cleanly ... OK
* checking for unstated dependencies in R code ... OK
* checking S3 generic/method consistency ... OK
* checking replacement functions ... OK
* checking foreign function calls ... OK
* checking R code for possible problems ... NOTE
fuzzyColorPlot : fcContext.init: no visible binding for '<<-'
  assignment to ‘fcContext.clusterColorValues’
fuzzyColorPlot : fcContext.init: no visible binding for '<<-'
  assignment to ‘fcContext.clustering’
fuzzyColorPlot : fcContext.init: no visible binding for '<<-'
  assignment to ‘fcContext.n’
fuzzyColorPlot : fcContext.updateSymbols: no visible binding for '<<-'
  assignment to ‘fcContext.symbols’
fuzzyColorPlot : fcContext.updateSymbols: no visible binding for global
  variable ‘fcContext.clustering’
fuzzyColorPlot : fcContext.rgbList2color: no visible binding for global
  variable ‘fcContext.n’
fuzzyColorPlot : fcContext.updateColorsSingleCluster: no visible
  binding for '<<-' assignment to ‘fcContext.colors’
fuzzyColorPlot : fcContext.updateColorsSingleCluster: no visible
  binding for global variable ‘fcContext.clusterColorValues’
fuzzyColorPlot : fcContext.updateColorsSingleCluster: no visible
  binding for global variable ‘fcContext.n’
fuzzyColorPlot : fcContext.updateColorsSingleCluster: no visible
  binding for global variable ‘fcContext.clustering’
fuzzyColorPlot : fcContext.updateColorsAllCluster: no visible binding
  for global variable ‘fcContext.n’
fuzzyColorPlot : fcContext.updateColorsAllCluster: no visible binding
  for global variable ‘fcContext.clustering’
fuzzyColorPlot : fcContext.updateColorsAllCluster: no visible binding
  for '<<-' assignment to ‘fcContext.colors’
fuzzyColorPlot : fcContext.updateColorsAllCluster: no visible binding
  for global variable ‘fcContext.clusterColorValues’
fuzzyColorPlot : fcContext.update: no visible binding for global
  variable ‘fcContext.colors’
fuzzyColorPlot : fcContext.update: no visible binding for global
  variable ‘fcContext.symbols’
linkmap : maps.getSliderValues: no visible binding for global variable
  ‘maps.nLines’
linkmap : maps.updateGUI: no visible binding for global variable
  ‘maps.s’
linkmap : maps.updateGUI: no visible binding for global variable
  ‘maps.nLines’
linkmap : maps.updateGUI: no visible binding for '<<-' assignment to
  ‘maps.s’
linkmap : maps.drawLegend: no visible binding for global variable
  ‘maps.nLines’
linkmap : maps.drawLegend: no visible binding for global variable
  ‘maps.s’
linkmap : maps.draw: no visible binding for global variable
  ‘maps.circleCols’
linkmap : maps.draw: no visible binding for global variable
  ‘maps.clusterCols’
linkmap : maps.draw: no visible binding for global variable ‘maps.n’
linkmap : maps.draw: no visible binding for global variable
  ‘maps.nLines’
linkmap : maps.draw: no visible binding for global variable ‘maps.s’
linkmap : maps.draw: no visible binding for global variable ‘xRange’
linkmap : maps.draw: no visible binding for global variable ‘yRange’
linkmap : maps.createSliderNames: no visible binding for global
  variable ‘maps.nLines’
linkmap : maps.init: no visible binding for '<<-' assignment to
  ‘maps.nLines’
linkmap : maps.init: no visible binding for '<<-' assignment to
  ‘maps.n’
linkmap : maps.init: no visible binding for global variable ‘maps.n’
linkmap : maps.init: no visible binding for '<<-' assignment to
  ‘maps.clusterCols’
linkmap : maps.init: no visible binding for '<<-' assignment to
  ‘maps.circleCols’
linkmap : maps.init: no visible binding for global variable
  ‘maps.clusterCols’
linkmap : maps.init: no visible binding for '<<-' assignment to
  ‘maps.s’
linkmap : maps.init: no visible binding for global variable
  ‘maps.nLines’
* checking Rd files ... NOTE
prepare_Rd: fuzzyColorPlot.Rd:50-52: Dropping empty section \references
prepare_Rd: fuzzyColorPlot.Rd:57-59: Dropping empty section \seealso
prepare_Rd: linkmap.Rd:57-59: Dropping empty section \references
prepare_Rd: linkmap.Rd:64-66: Dropping empty section \seealso
* checking Rd metadata ... OK
* checking Rd cross-references ... OK
* checking for missing documentation entries ... WARNING
Undocumented code objects:
  ‘exampleSet1’ ‘exampleSet2’
All user-level objects in a package should have documentation entries.
See the chapter ‘Writing R documentation files’ in the ‘Writing R
Extensions’ manual.
* checking for code/documentation mismatches ... OK
* checking Rd \usage sections ... OK
* checking Rd contents ... OK
* checking for unstated dependencies in examples ... OK
* checking examples ... OK
* checking PDF version of manual ... WARNING
LaTeX errors when creating PDF version.
This typically indicates Rd problems.
* checking PDF version of manual without hyperrefs or index ... ERROR
