Hmm ... looks like a package

This is pdfTeX, Version 3.1415926-1.40.10 (TeX Live 2009/Debian)
entering extended mode
LaTeX2e <2009/09/24>
Babel <v3.8l> and hyphenation patterns for english, usenglishmax, dumylang, noh
yphenation, loaded.
(./Rd2.tex
(/usr/share/texmf-texlive/tex/latex/base/book.cls
Document Class: book 2007/10/19 v1.4h Standard LaTeX document class
(/usr/share/texmf-texlive/tex/latex/base/bk10.clo))
(/usr/share/R/share/texmf/tex/latex/Rd.sty
(/usr/share/texmf-texlive/tex/latex/base/ifthen.sty)
(/usr/share/texmf-texlive/tex/latex/tools/longtable.sty)
(/usr/share/texmf-texlive/tex/latex/tools/bm.sty)
(/usr/share/texmf-texlive/tex/latex/base/alltt.sty)
(/usr/share/texmf-texlive/tex/latex/tools/verbatim.sty)
(/usr/share/texmf-texlive/tex/latex/ltxmisc/url.sty) NOT loading ae
(/usr/share/texmf-texlive/tex/latex/base/fontenc.sty
(/usr/share/texmf-texlive/tex/latex/base/t1enc.def))
(/usr/share/texmf-texlive/tex/latex/psnfss/times.sty) NOT loading lmodern
(/usr/share/texmf-texlive/tex/latex/inconsolata/inconsolata.sty
(/usr/share/texmf-texlive/tex/latex/base/textcomp.sty
(/usr/share/texmf-texlive/tex/latex/base/ts1enc.def))
(/usr/share/texmf-texlive/tex/latex/graphics/keyval.sty))
(/usr/share/texmf-texlive/tex/latex/graphics/color.sty
(/etc/texmf/tex/latex/config/color.cfg)
(/usr/share/texmf-texlive/tex/latex/pdftex-def/pdftex.def))
(/usr/share/texmf-texlive/tex/latex/hyperref/hyperref.sty
(/usr/share/texmf-texlive/tex/generic/oberdiek/ifpdf.sty)
(/usr/share/texmf-texlive/tex/generic/oberdiek/ifvtex.sty)
(/usr/share/texmf-texlive/tex/generic/ifxetex/ifxetex.sty)
(/usr/share/texmf-texlive/tex/latex/oberdiek/hycolor.sty
(/usr/share/texmf-texlive/tex/latex/oberdiek/xcolor-patch.sty))
(/usr/share/texmf-texlive/tex/latex/hyperref/pd1enc.def)
(/usr/share/texmf-texlive/tex/generic/oberdiek/etexcmds.sty
(/usr/share/texmf-texlive/tex/generic/oberdiek/infwarerr.sty))
(/usr/share/texmf-texlive/tex/latex/latexconfig/hyperref.cfg)
(/usr/share/texmf-texlive/tex/latex/oberdiek/kvoptions.sty
(/usr/share/texmf-texlive/tex/generic/oberdiek/kvsetkeys.sty))
Implicit mode ON; LaTeX internals redefined
(/usr/share/texmf-texlive/tex/generic/oberdiek/bitset.sty
(/usr/share/texmf-texlive/tex/generic/oberdiek/intcalc.sty)
(/usr/share/texmf-texlive/tex/generic/oberdiek/bigintcalc.sty
(/usr/share/texmf-texlive/tex/generic/oberdiek/pdftexcmds.sty
(/usr/share/texmf-texlive/tex/generic/oberdiek/ifluatex.sty)
(/usr/share/texmf-texlive/tex/generic/oberdiek/ltxcmds.sty))))
(/usr/share/texmf-texlive/tex/generic/oberdiek/atbegshi.sty))
*hyperref using default driver hpdftex*
(/usr/share/texmf-texlive/tex/latex/hyperref/hpdftex.def)

Package hyperref Warning: Option `hyperindex' has already been used,
(hyperref)                setting the option has no effect on input line 342.


Package hyperref Warning: Option `pagebackref' has already been used,
(hyperref)                setting the option has no effect on input line 342.

) (/usr/share/texmf-texlive/tex/latex/base/makeidx.sty)
(/usr/share/texmf-texlive/tex/latex/base/inputenc.sty
(/usr/share/texmf-texlive/tex/latex/base/utf8.def
(/usr/share/texmf-texlive/tex/latex/base/t1enc.dfu)
(/usr/share/texmf-texlive/tex/latex/base/ot1enc.dfu)
(/usr/share/texmf-texlive/tex/latex/base/omsenc.dfu)
(/usr/share/texmf-texlive/tex/latex/base/ts1enc.dfu))
(/usr/share/texmf-texlive/tex/latex/base/latin1.def))
Writing index file Rd2.idx
No file Rd2.aux.
(/usr/share/texmf-texlive/tex/latex/base/ts1cmr.fd)
(/usr/share/texmf-texlive/tex/latex/psnfss/t1ptm.fd)
(/usr/share/texmf-texlive/tex/context/base/supp-pdf.mkii
[Loading MPS to PDF converter (version 2006.09.02).]
) (/usr/share/texmf-texlive/tex/latex/hyperref/nameref.sty
(/usr/share/texmf-texlive/tex/latex/oberdiek/refcount.sty))
(/usr/share/texmf-texlive/tex/latex/inconsolata/t1fi4.fd)
(/usr/share/texmf-texlive/tex/latex/psnfss/t1phv.fd)
(/usr/share/texmf-texlive/tex/latex/base/utf8.def)
Overfull \hbox (108.11429pt too wide) in paragraph at lines 43--43
 []\T1/fi4/m/n/10 fuzzyColorPlot(X, k, Xs, clusterColors=rainbow(k), clusterSym
bols=rep(21,k), xlab="", ylab="", main="")[] 
[1{/var/lib/texmf/fonts/map/pdftex/updmap/pdftex.map}]
Overfull \hbox (6.78088pt too wide) in paragraph at lines 103--103
 []\T1/fi4/m/n/9 ## Not run: fuzzyColorPlot(Milch[3:6], 5, S$points, clusterSym
bols=c("a","b", "c","d", "e"))[] 

Overfull \hbox (60.78088pt too wide) in paragraph at lines 106--106
 []\T1/fi4/m/n/9 ## Not run: fuzzyColorPlot(Milch[3:6], 5, S$points, clusterCol
ors=rep("black", 5), clusterSymbols=15:19)[] 
(/usr/share/texmf-texlive/tex/latex/base/utf8.def) [2]
Overfull \hbox (98.11426pt too wide) in paragraph at lines 122--122
 []\T1/fi4/m/n/10 linkmap(X, D=dist(X), linetypes=c("solid","dotted"), linecolo
rs=c("red","green"), linewidths=c(1,1),[] 

Overfull \hbox (58.11441pt too wide) in paragraph at lines 123--123
 [] \T1/fi4/m/n/10 labels = NULL, cluster = NULL, maxValue=0.33, legendDigits =
 2, xlab = "", ylab = "", main = "")[] 
[3]
No file Rd2.ind.
[4] (./Rd2.aux) )
(see the transcript file for additional information)pdfTeX warning (dest): name
{Rfn.par} has been referenced but does not exist, replaced by a fixed one

pdfTeX warning (dest): name{Rfn.plot} has been referenced but does not exist, r
eplaced by a fixed one

{/usr/share/texmf-texlive/fonts/enc/dvips/base/8r.enc}{/usr/share/texmf-texlive
/fonts/enc/dvips/inconsolata/fi4-ec.enc}</usr/share/texmf-texlive/fonts/type1/p
ublic/inconsolata/Inconsolata.pfb></usr/share/texmf-texlive/fonts/type1/urw/hel
vetic/uhvr8a.pfb></usr/share/texmf-texlive/fonts/type1/urw/times/utmb8a.pfb></u
sr/share/texmf-texlive/fonts/type1/urw/times/utmr8a.pfb></usr/share/texmf-texli
ve/fonts/type1/urw/times/utmr8a.pfb></usr/share/texmf-texlive/fonts/type1/urw/t
imes/utmri8a.pfb>
Output written on Rd2.pdf (4 pages, 73026 bytes).
Transcript written on Rd2.log.
This is makeindex, version 2.15 [TeX Live 2009] (kpathsea + Thai support).
Scanning input file Rd2.idx....done (9 entries accepted, 0 rejected).
Sorting entries....done (29 comparisons).
Generating output file Rd2.ind....done (14 lines written, 0 warnings).
Output written in Rd2.ind.
Transcript written in Rd2.ilg.
This is pdfTeX, Version 3.1415926-1.40.10 (TeX Live 2009/Debian)
entering extended mode
LaTeX2e <2009/09/24>
Babel <v3.8l> and hyphenation patterns for english, usenglishmax, dumylang, noh
yphenation, loaded.
(./Rd2.tex
(/usr/share/texmf-texlive/tex/latex/base/book.cls
Document Class: book 2007/10/19 v1.4h Standard LaTeX document class
(/usr/share/texmf-texlive/tex/latex/base/bk10.clo))
(/usr/share/R/share/texmf/tex/latex/Rd.sty
(/usr/share/texmf-texlive/tex/latex/base/ifthen.sty)
(/usr/share/texmf-texlive/tex/latex/tools/longtable.sty)
(/usr/share/texmf-texlive/tex/latex/tools/bm.sty)
(/usr/share/texmf-texlive/tex/latex/base/alltt.sty)
(/usr/share/texmf-texlive/tex/latex/tools/verbatim.sty)
(/usr/share/texmf-texlive/tex/latex/ltxmisc/url.sty) NOT loading ae
(/usr/share/texmf-texlive/tex/latex/base/fontenc.sty
(/usr/share/texmf-texlive/tex/latex/base/t1enc.def))
(/usr/share/texmf-texlive/tex/latex/psnfss/times.sty) NOT loading lmodern
(/usr/share/texmf-texlive/tex/latex/inconsolata/inconsolata.sty
(/usr/share/texmf-texlive/tex/latex/base/textcomp.sty
(/usr/share/texmf-texlive/tex/latex/base/ts1enc.def))
(/usr/share/texmf-texlive/tex/latex/graphics/keyval.sty))
(/usr/share/texmf-texlive/tex/latex/graphics/color.sty
(/etc/texmf/tex/latex/config/color.cfg)
(/usr/share/texmf-texlive/tex/latex/pdftex-def/pdftex.def))
(/usr/share/texmf-texlive/tex/latex/hyperref/hyperref.sty
(/usr/share/texmf-texlive/tex/generic/oberdiek/ifpdf.sty)
(/usr/share/texmf-texlive/tex/generic/oberdiek/ifvtex.sty)
(/usr/share/texmf-texlive/tex/generic/ifxetex/ifxetex.sty)
(/usr/share/texmf-texlive/tex/latex/oberdiek/hycolor.sty
(/usr/share/texmf-texlive/tex/latex/oberdiek/xcolor-patch.sty))
(/usr/share/texmf-texlive/tex/latex/hyperref/pd1enc.def)
(/usr/share/texmf-texlive/tex/generic/oberdiek/etexcmds.sty
(/usr/share/texmf-texlive/tex/generic/oberdiek/infwarerr.sty))
(/usr/share/texmf-texlive/tex/latex/latexconfig/hyperref.cfg)
(/usr/share/texmf-texlive/tex/latex/oberdiek/kvoptions.sty
(/usr/share/texmf-texlive/tex/generic/oberdiek/kvsetkeys.sty))
Implicit mode ON; LaTeX internals redefined
(/usr/share/texmf-texlive/tex/generic/oberdiek/bitset.sty
(/usr/share/texmf-texlive/tex/generic/oberdiek/intcalc.sty)
(/usr/share/texmf-texlive/tex/generic/oberdiek/bigintcalc.sty
(/usr/share/texmf-texlive/tex/generic/oberdiek/pdftexcmds.sty
(/usr/share/texmf-texlive/tex/generic/oberdiek/ifluatex.sty)
(/usr/share/texmf-texlive/tex/generic/oberdiek/ltxcmds.sty))))
(/usr/share/texmf-texlive/tex/generic/oberdiek/atbegshi.sty))
*hyperref using default driver hpdftex*
(/usr/share/texmf-texlive/tex/latex/hyperref/hpdftex.def)

Package hyperref Warning: Option `hyperindex' has already been used,
(hyperref)                setting the option has no effect on input line 342.


Package hyperref Warning: Option `pagebackref' has already been used,
(hyperref)                setting the option has no effect on input line 342.

) (/usr/share/texmf-texlive/tex/latex/base/makeidx.sty)
(/usr/share/texmf-texlive/tex/latex/base/inputenc.sty
(/usr/share/texmf-texlive/tex/latex/base/utf8.def
(/usr/share/texmf-texlive/tex/latex/base/t1enc.dfu)
(/usr/share/texmf-texlive/tex/latex/base/ot1enc.dfu)
(/usr/share/texmf-texlive/tex/latex/base/omsenc.dfu)
(/usr/share/texmf-texlive/tex/latex/base/ts1enc.dfu))
(/usr/share/texmf-texlive/tex/latex/base/latin1.def))
Writing index file Rd2.idx
(./Rd2.aux) (/usr/share/texmf-texlive/tex/latex/base/ts1cmr.fd)
(/usr/share/texmf-texlive/tex/latex/psnfss/t1ptm.fd)
(/usr/share/texmf-texlive/tex/context/base/supp-pdf.mkii
[Loading MPS to PDF converter (version 2006.09.02).]
) (/usr/share/texmf-texlive/tex/latex/hyperref/nameref.sty
(/usr/share/texmf-texlive/tex/latex/oberdiek/refcount.sty)) (./Rd2.out)
(./Rd2.out) (/usr/share/texmf-texlive/tex/latex/inconsolata/t1fi4.fd)
(/usr/share/texmf-texlive/tex/latex/psnfss/t1phv.fd) (./Rd2.toc)
(/usr/share/texmf-texlive/tex/latex/base/utf8.def)
Overfull \hbox (108.11429pt too wide) in paragraph at lines 43--43
 []\T1/fi4/m/n/10 fuzzyColorPlot(X, k, Xs, clusterColors=rainbow(k), clusterSym
bols=rep(21,k), xlab="", ylab="", main="")[] 
[1{/var/lib/texmf/fonts/map/pdftex/updmap/pdftex.map}]
Overfull \hbox (6.78088pt too wide) in paragraph at lines 103--103
 []\T1/fi4/m/n/9 ## Not run: fuzzyColorPlot(Milch[3:6], 5, S$points, clusterSym
bols=c("a","b", "c","d", "e"))[] 

Overfull \hbox (60.78088pt too wide) in paragraph at lines 106--106
 []\T1/fi4/m/n/9 ## Not run: fuzzyColorPlot(Milch[3:6], 5, S$points, clusterCol
ors=rep("black", 5), clusterSymbols=15:19)[] 
(/usr/share/texmf-texlive/tex/latex/base/utf8.def) [2]
Overfull \hbox (98.11426pt too wide) in paragraph at lines 122--122
 []\T1/fi4/m/n/10 linkmap(X, D=dist(X), linetypes=c("solid","dotted"), linecolo
rs=c("red","green"), linewidths=c(1,1),[] 

Overfull \hbox (58.11441pt too wide) in paragraph at lines 123--123
 [] \T1/fi4/m/n/10 labels = NULL, cluster = NULL, maxValue=0.33, legendDigits =
 2, xlab = "", ylab = "", main = "")[] 
[3] (./Rd2.ind [4] [5]) (./Rd2.aux) )
(see the transcript file for additional information)pdfTeX warning (dest): name
{Rfn.par} has been referenced but does not exist, replaced by a fixed one

pdfTeX warning (dest): name{Rfn.plot} has been referenced but does not exist, r
eplaced by a fixed one

{/usr/share/texmf-texlive/fonts/enc/dvips/base/8r.enc}{/usr/share/texmf-texlive
/fonts/enc/dvips/inconsolata/fi4-ec.enc}</usr/share/texmf-texlive/fonts/type1/p
ublic/inconsolata/Inconsolata.pfb></usr/share/texmf-texlive/fonts/type1/urw/hel
vetic/uhvr8a.pfb></usr/share/texmf-texlive/fonts/type1/urw/times/utmb8a.pfb></u
sr/share/texmf-texlive/fonts/type1/urw/times/utmr8a.pfb></usr/share/texmf-texli
ve/fonts/type1/urw/times/utmr8a.pfb></usr/share/texmf-texlive/fonts/type1/urw/t
imes/utmri8a.pfb>
Output written on Rd2.pdf (5 pages, 76436 bytes).
Transcript written on Rd2.log.
This is makeindex, version 2.15 [TeX Live 2009] (kpathsea + Thai support).
Scanning input file Rd2.idx....done (9 entries accepted, 0 rejected).
Sorting entries....done (29 comparisons).
Generating output file Rd2.ind....done (14 lines written, 0 warnings).
Output written in Rd2.ind.
Transcript written in Rd2.ilg.
This is pdfTeX, Version 3.1415926-1.40.10 (TeX Live 2009/Debian)
entering extended mode
LaTeX2e <2009/09/24>
Babel <v3.8l> and hyphenation patterns for english, usenglishmax, dumylang, noh
yphenation, loaded.
(./Rd2.tex
(/usr/share/texmf-texlive/tex/latex/base/book.cls
Document Class: book 2007/10/19 v1.4h Standard LaTeX document class
(/usr/share/texmf-texlive/tex/latex/base/bk10.clo))
(/usr/share/R/share/texmf/tex/latex/Rd.sty
(/usr/share/texmf-texlive/tex/latex/base/ifthen.sty)
(/usr/share/texmf-texlive/tex/latex/tools/longtable.sty)
(/usr/share/texmf-texlive/tex/latex/tools/bm.sty)
(/usr/share/texmf-texlive/tex/latex/base/alltt.sty)
(/usr/share/texmf-texlive/tex/latex/tools/verbatim.sty)
(/usr/share/texmf-texlive/tex/latex/ltxmisc/url.sty) NOT loading ae
(/usr/share/texmf-texlive/tex/latex/base/fontenc.sty
(/usr/share/texmf-texlive/tex/latex/base/t1enc.def))
(/usr/share/texmf-texlive/tex/latex/psnfss/times.sty) NOT loading lmodern
(/usr/share/texmf-texlive/tex/latex/inconsolata/inconsolata.sty
(/usr/share/texmf-texlive/tex/latex/base/textcomp.sty
(/usr/share/texmf-texlive/tex/latex/base/ts1enc.def))
(/usr/share/texmf-texlive/tex/latex/graphics/keyval.sty))
(/usr/share/texmf-texlive/tex/latex/graphics/color.sty
(/etc/texmf/tex/latex/config/color.cfg)
(/usr/share/texmf-texlive/tex/latex/pdftex-def/pdftex.def))
(/usr/share/texmf-texlive/tex/latex/hyperref/hyperref.sty
(/usr/share/texmf-texlive/tex/generic/oberdiek/ifpdf.sty)
(/usr/share/texmf-texlive/tex/generic/oberdiek/ifvtex.sty)
(/usr/share/texmf-texlive/tex/generic/ifxetex/ifxetex.sty)
(/usr/share/texmf-texlive/tex/latex/oberdiek/hycolor.sty
(/usr/share/texmf-texlive/tex/latex/oberdiek/xcolor-patch.sty))
(/usr/share/texmf-texlive/tex/latex/hyperref/pd1enc.def)
(/usr/share/texmf-texlive/tex/generic/oberdiek/etexcmds.sty
(/usr/share/texmf-texlive/tex/generic/oberdiek/infwarerr.sty))
(/usr/share/texmf-texlive/tex/latex/latexconfig/hyperref.cfg)
(/usr/share/texmf-texlive/tex/latex/oberdiek/kvoptions.sty
(/usr/share/texmf-texlive/tex/generic/oberdiek/kvsetkeys.sty))
Implicit mode ON; LaTeX internals redefined
(/usr/share/texmf-texlive/tex/generic/oberdiek/bitset.sty
(/usr/share/texmf-texlive/tex/generic/oberdiek/intcalc.sty)
(/usr/share/texmf-texlive/tex/generic/oberdiek/bigintcalc.sty
(/usr/share/texmf-texlive/tex/generic/oberdiek/pdftexcmds.sty
(/usr/share/texmf-texlive/tex/generic/oberdiek/ifluatex.sty)
(/usr/share/texmf-texlive/tex/generic/oberdiek/ltxcmds.sty))))
(/usr/share/texmf-texlive/tex/generic/oberdiek/atbegshi.sty))
*hyperref using default driver hpdftex*
(/usr/share/texmf-texlive/tex/latex/hyperref/hpdftex.def)

Package hyperref Warning: Option `hyperindex' has already been used,
(hyperref)                setting the option has no effect on input line 342.


Package hyperref Warning: Option `pagebackref' has already been used,
(hyperref)                setting the option has no effect on input line 342.

) (/usr/share/texmf-texlive/tex/latex/base/makeidx.sty)
(/usr/share/texmf-texlive/tex/latex/base/inputenc.sty
(/usr/share/texmf-texlive/tex/latex/base/utf8.def
(/usr/share/texmf-texlive/tex/latex/base/t1enc.dfu)
(/usr/share/texmf-texlive/tex/latex/base/ot1enc.dfu)
(/usr/share/texmf-texlive/tex/latex/base/omsenc.dfu)
(/usr/share/texmf-texlive/tex/latex/base/ts1enc.dfu))
(/usr/share/texmf-texlive/tex/latex/base/latin1.def))
Writing index file Rd2.idx
(./Rd2.aux) (/usr/share/texmf-texlive/tex/latex/base/ts1cmr.fd)
(/usr/share/texmf-texlive/tex/latex/psnfss/t1ptm.fd)
(/usr/share/texmf-texlive/tex/context/base/supp-pdf.mkii
[Loading MPS to PDF converter (version 2006.09.02).]
) (/usr/share/texmf-texlive/tex/latex/hyperref/nameref.sty
(/usr/share/texmf-texlive/tex/latex/oberdiek/refcount.sty)) (./Rd2.out)
(./Rd2.out) (/usr/share/texmf-texlive/tex/latex/inconsolata/t1fi4.fd)
(/usr/share/texmf-texlive/tex/latex/psnfss/t1phv.fd) (./Rd2.toc)
(/usr/share/texmf-texlive/tex/latex/base/utf8.def)
Overfull \hbox (108.11429pt too wide) in paragraph at lines 43--43
 []\T1/fi4/m/n/10 fuzzyColorPlot(X, k, Xs, clusterColors=rainbow(k), clusterSym
bols=rep(21,k), xlab="", ylab="", main="")[] 
[1{/var/lib/texmf/fonts/map/pdftex/updmap/pdftex.map}]
Overfull \hbox (6.78088pt too wide) in paragraph at lines 103--103
 []\T1/fi4/m/n/9 ## Not run: fuzzyColorPlot(Milch[3:6], 5, S$points, clusterSym
bols=c("a","b", "c","d", "e"))[] 
[2]
Overfull \hbox (60.78088pt too wide) in paragraph at lines 106--106
 []\T1/fi4/m/n/9 ## Not run: fuzzyColorPlot(Milch[3:6], 5, S$points, clusterCol
ors=rep("black", 5), clusterSymbols=15:19)[] 
(/usr/share/texmf-texlive/tex/latex/base/utf8.def)
Overfull \hbox (98.11426pt too wide) in paragraph at lines 122--122
 []\T1/fi4/m/n/10 linkmap(X, D=dist(X), linetypes=c("solid","dotted"), linecolo
rs=c("red","green"), linewidths=c(1,1),[] 

Overfull \hbox (58.11441pt too wide) in paragraph at lines 123--123
 [] \T1/fi4/m/n/10 labels = NULL, cluster = NULL, maxValue=0.33, legendDigits =
 2, xlab = "", ylab = "", main = "")[] 
[3] (./Rd2.ind [4] [5]) (./Rd2.aux) )
(see the transcript file for additional information)pdfTeX warning (dest): name
{Rfn.par} has been referenced but does not exist, replaced by a fixed one

pdfTeX warning (dest): name{Rfn.plot} has been referenced but does not exist, r
eplaced by a fixed one

{/usr/share/texmf-texlive/fonts/enc/dvips/base/8r.enc}{/usr/share/texmf-texlive
/fonts/enc/dvips/inconsolata/fi4-ec.enc}</usr/share/texmf-texlive/fonts/type1/p
ublic/inconsolata/Inconsolata.pfb></usr/share/texmf-texlive/fonts/type1/urw/hel
vetic/uhvr8a.pfb></usr/share/texmf-texlive/fonts/type1/urw/times/utmb8a.pfb></u
sr/share/texmf-texlive/fonts/type1/urw/times/utmr8a.pfb></usr/share/texmf-texli
ve/fonts/type1/urw/times/utmr8a.pfb></usr/share/texmf-texlive/fonts/type1/urw/t
imes/utmri8a.pfb>
Output written on Rd2.pdf (5 pages, 77016 bytes).
Transcript written on Rd2.log.
This is makeindex, version 2.15 [TeX Live 2009] (kpathsea + Thai support).
Scanning input file Rd2.idx....done (9 entries accepted, 0 rejected).
Sorting entries....done (29 comparisons).
Generating output file Rd2.ind....done (14 lines written, 0 warnings).
Output written in Rd2.ind.
Transcript written in Rd2.ilg.
This is pdfTeX, Version 3.1415926-1.40.10 (TeX Live 2009/Debian)
entering extended mode
LaTeX2e <2009/09/24>
Babel <v3.8l> and hyphenation patterns for english, usenglishmax, dumylang, noh
yphenation, loaded.
(./Rd2.tex
(/usr/share/texmf-texlive/tex/latex/base/book.cls
Document Class: book 2007/10/19 v1.4h Standard LaTeX document class
(/usr/share/texmf-texlive/tex/latex/base/bk10.clo))
(/usr/share/R/share/texmf/tex/latex/Rd.sty
(/usr/share/texmf-texlive/tex/latex/base/ifthen.sty)
(/usr/share/texmf-texlive/tex/latex/tools/longtable.sty)
(/usr/share/texmf-texlive/tex/latex/tools/bm.sty)
(/usr/share/texmf-texlive/tex/latex/base/alltt.sty)
(/usr/share/texmf-texlive/tex/latex/tools/verbatim.sty)
(/usr/share/texmf-texlive/tex/latex/ltxmisc/url.sty) NOT loading ae
(/usr/share/texmf-texlive/tex/latex/base/fontenc.sty
(/usr/share/texmf-texlive/tex/latex/base/t1enc.def))
(/usr/share/texmf-texlive/tex/latex/psnfss/times.sty) NOT loading lmodern
(/usr/share/texmf-texlive/tex/latex/inconsolata/inconsolata.sty
(/usr/share/texmf-texlive/tex/latex/base/textcomp.sty
(/usr/share/texmf-texlive/tex/latex/base/ts1enc.def))
(/usr/share/texmf-texlive/tex/latex/graphics/keyval.sty))
(/usr/share/texmf-texlive/tex/latex/graphics/color.sty
(/etc/texmf/tex/latex/config/color.cfg)
(/usr/share/texmf-texlive/tex/latex/pdftex-def/pdftex.def))
(/usr/share/texmf-texlive/tex/latex/hyperref/hyperref.sty
(/usr/share/texmf-texlive/tex/generic/oberdiek/ifpdf.sty)
(/usr/share/texmf-texlive/tex/generic/oberdiek/ifvtex.sty)
(/usr/share/texmf-texlive/tex/generic/ifxetex/ifxetex.sty)
(/usr/share/texmf-texlive/tex/latex/oberdiek/hycolor.sty
(/usr/share/texmf-texlive/tex/latex/oberdiek/xcolor-patch.sty))
(/usr/share/texmf-texlive/tex/latex/hyperref/pd1enc.def)
(/usr/share/texmf-texlive/tex/generic/oberdiek/etexcmds.sty
(/usr/share/texmf-texlive/tex/generic/oberdiek/infwarerr.sty))
(/usr/share/texmf-texlive/tex/latex/latexconfig/hyperref.cfg)
(/usr/share/texmf-texlive/tex/latex/oberdiek/kvoptions.sty
(/usr/share/texmf-texlive/tex/generic/oberdiek/kvsetkeys.sty))
Implicit mode ON; LaTeX internals redefined
(/usr/share/texmf-texlive/tex/generic/oberdiek/bitset.sty
(/usr/share/texmf-texlive/tex/generic/oberdiek/intcalc.sty)
(/usr/share/texmf-texlive/tex/generic/oberdiek/bigintcalc.sty
(/usr/share/texmf-texlive/tex/generic/oberdiek/pdftexcmds.sty
(/usr/share/texmf-texlive/tex/generic/oberdiek/ifluatex.sty)
(/usr/share/texmf-texlive/tex/generic/oberdiek/ltxcmds.sty))))
(/usr/share/texmf-texlive/tex/generic/oberdiek/atbegshi.sty))
*hyperref using default driver hpdftex*
(/usr/share/texmf-texlive/tex/latex/hyperref/hpdftex.def)

Package hyperref Warning: Option `hyperindex' has already been used,
(hyperref)                setting the option has no effect on input line 342.


Package hyperref Warning: Option `pagebackref' has already been used,
(hyperref)                setting the option has no effect on input line 342.

) (/usr/share/texmf-texlive/tex/latex/base/makeidx.sty)
(/usr/share/texmf-texlive/tex/latex/base/inputenc.sty
(/usr/share/texmf-texlive/tex/latex/base/utf8.def
(/usr/share/texmf-texlive/tex/latex/base/t1enc.dfu)
(/usr/share/texmf-texlive/tex/latex/base/ot1enc.dfu)
(/usr/share/texmf-texlive/tex/latex/base/omsenc.dfu)
(/usr/share/texmf-texlive/tex/latex/base/ts1enc.dfu))
(/usr/share/texmf-texlive/tex/latex/base/latin1.def))
Writing index file Rd2.idx
(./Rd2.aux) (/usr/share/texmf-texlive/tex/latex/base/ts1cmr.fd)
(/usr/share/texmf-texlive/tex/latex/psnfss/t1ptm.fd)
(/usr/share/texmf-texlive/tex/context/base/supp-pdf.mkii
[Loading MPS to PDF converter (version 2006.09.02).]
) (/usr/share/texmf-texlive/tex/latex/hyperref/nameref.sty
(/usr/share/texmf-texlive/tex/latex/oberdiek/refcount.sty)) (./Rd2.out)
(./Rd2.out) (/usr/share/texmf-texlive/tex/latex/inconsolata/t1fi4.fd)
(/usr/share/texmf-texlive/tex/latex/psnfss/t1phv.fd) (./Rd2.toc)
(/usr/share/texmf-texlive/tex/latex/base/utf8.def)
Overfull \hbox (108.11429pt too wide) in paragraph at lines 43--43
 []\T1/fi4/m/n/10 fuzzyColorPlot(X, k, Xs, clusterColors=rainbow(k), clusterSym
bols=rep(21,k), xlab="", ylab="", main="")[] 
[1{/var/lib/texmf/fonts/map/pdftex/updmap/pdftex.map}]
Overfull \hbox (6.78088pt too wide) in paragraph at lines 103--103
 []\T1/fi4/m/n/9 ## Not run: fuzzyColorPlot(Milch[3:6], 5, S$points, clusterSym
bols=c("a","b", "c","d", "e"))[] 
[2]
Overfull \hbox (60.78088pt too wide) in paragraph at lines 106--106
 []\T1/fi4/m/n/9 ## Not run: fuzzyColorPlot(Milch[3:6], 5, S$points, clusterCol
ors=rep("black", 5), clusterSymbols=15:19)[] 
(/usr/share/texmf-texlive/tex/latex/base/utf8.def)
Overfull \hbox (98.11426pt too wide) in paragraph at lines 122--122
 []\T1/fi4/m/n/10 linkmap(X, D=dist(X), linetypes=c("solid","dotted"), linecolo
rs=c("red","green"), linewidths=c(1,1),[] 

Overfull \hbox (58.11441pt too wide) in paragraph at lines 123--123
 [] \T1/fi4/m/n/10 labels = NULL, cluster = NULL, maxValue=0.33, legendDigits =
 2, xlab = "", ylab = "", main = "")[] 
[3] (./Rd2.ind [4] [5]) (./Rd2.aux) )
(see the transcript file for additional information)pdfTeX warning (dest): name
{Rfn.par} has been referenced but does not exist, replaced by a fixed one

pdfTeX warning (dest): name{Rfn.plot} has been referenced but does not exist, r
eplaced by a fixed one

{/usr/share/texmf-texlive/fonts/enc/dvips/base/8r.enc}{/usr/share/texmf-texlive
/fonts/enc/dvips/inconsolata/fi4-ec.enc}</usr/share/texmf-texlive/fonts/type1/p
ublic/inconsolata/Inconsolata.pfb></usr/share/texmf-texlive/fonts/type1/urw/hel
vetic/uhvr8a.pfb></usr/share/texmf-texlive/fonts/type1/urw/times/utmb8a.pfb></u
sr/share/texmf-texlive/fonts/type1/urw/times/utmr8a.pfb></usr/share/texmf-texli
ve/fonts/type1/urw/times/utmr8a.pfb></usr/share/texmf-texlive/fonts/type1/urw/t
imes/utmri8a.pfb>
Output written on Rd2.pdf (5 pages, 77018 bytes).
Transcript written on Rd2.log.
Saving output to 'LinkageMaps-manual.pdf' ...
Done
You may want to clean up by 'rm -rf /tmp/RtmpjACBw7/Rd2pdf5f5e2272d550'
