* using log directory ‘/home/michi/linkmapsWorkspace/linkmaps.Rcheck’
* using R version 2.14.1 (2011-12-22)
* using platform: i686-pc-linux-gnu (32-bit)
* using session charset: UTF-8
* checking for file ‘linkmaps/DESCRIPTION’ ... OK
* checking extension type ... Package
* this is package ‘linkmaps’ version ‘0.1’
* checking package namespace information ... OK
* checking package dependencies ... OK
* checking if this is a source package ... OK
* checking if there is a namespace ... OK
* checking for executable files ... OK
* checking whether package ‘linkmaps’ can be installed ... OK
* checking installed package size ... OK
* checking package directory ... OK
* checking for portable file names ... OK
* checking for sufficient/correct file permissions ... OK
* checking DESCRIPTION meta-information ... WARNING
Non-standard license specification:
  What license is it under?
Standardizable: FALSE
* checking top-level files ... OK
* checking index information ... OK
* checking package subdirectories ... OK
* checking R files for non-ASCII characters ... OK
* checking R files for syntax errors ... OK
* checking whether the package can be loaded ... OK
* checking whether the package can be loaded with stated dependencies ... OK
* checking whether the package can be unloaded cleanly ... OK
* checking whether the namespace can be loaded with stated dependencies ... OK
* checking whether the namespace can be unloaded cleanly ... OK
* checking for unstated dependencies in R code ... OK
* checking S3 generic/method consistency ... OK
* checking replacement functions ... OK
* checking foreign function calls ... OK
* checking R code for possible problems ... NOTE
linkmap : maps.getSliderValues: no visible binding for global variable
  ‘maps.nLines’
linkmap : maps.updateGUI: no visible binding for global variable
  ‘maps.s’
linkmap : maps.updateGUI: no visible binding for global variable
  ‘maps.nLines’
linkmap : maps.updateGUI: no visible binding for '<<-' assignment to
  ‘maps.s’
linkmap : maps.drawLegend: no visible binding for global variable
  ‘maps.nLines’
linkmap : maps.drawLegend: no visible binding for global variable
  ‘maps.s’
linkmap : maps.draw: no visible binding for global variable
  ‘maps.circleCols’
linkmap : maps.draw: no visible binding for global variable
  ‘maps.clusterCols’
linkmap : maps.draw: no visible binding for global variable ‘maps.n’
linkmap : maps.draw: no visible binding for global variable
  ‘maps.nLines’
linkmap : maps.draw: no visible binding for global variable ‘maps.s’
linkmap : maps.draw: no visible binding for global variable ‘xRange’
linkmap : maps.draw: no visible binding for global variable ‘yRange’
linkmap : maps.createSliderNames: no visible binding for global
  variable ‘maps.nLines’
linkmap : maps.init: no visible binding for '<<-' assignment to
  ‘maps.nLines’
linkmap : maps.init: no visible binding for '<<-' assignment to
  ‘maps.n’
linkmap : maps.init: no visible binding for global variable ‘maps.n’
linkmap : maps.init: no visible binding for '<<-' assignment to
  ‘maps.clusterCols’
linkmap : maps.init: no visible binding for '<<-' assignment to
  ‘maps.circleCols’
linkmap : maps.init: no visible binding for global variable
  ‘maps.clusterCols’
linkmap : maps.init: no visible binding for '<<-' assignment to
  ‘maps.s’
linkmap : maps.init: no visible binding for global variable
  ‘maps.nLines’
* checking Rd files ... WARNING
Error : linkmap.Rd: non-ASCII input and no declared encoding

problem found in ‘linkmap.Rd’
* checking Rd metadata ... OK
* checking Rd cross-references ... OK
* checking for missing documentation entries ... OK
* checking for code/documentation mismatches ... OK
* checking Rd \usage sections ... OK
* checking Rd contents ... OK
* checking for unstated dependencies in examples ... OK
* checking examples ... OK
* checking PDF version of manual ... WARNING
LaTeX errors when creating PDF version.
This typically indicates Rd problems.
* checking PDF version of manual without hyperrefs or index ... ERROR
Re-running with no redirection of stdout/stderr.
